TN:
SF:src\utils\clipboard.js
FN:1,handleCopy
FNF:1
FNH:1
FNDA:3,handleCopy
DA:2,3
DA:4,2
DA:5,2
DA:6,2
DA:7,1
DA:13,1
DA:14,1
DA:15,1
DA:16,1
DA:17,1
DA:18,1
DA:19,1
DA:20,1
DA:21,1
DA:22,1
LF:15
LH:15
BRDA:2,0,0,1
BRDA:2,0,1,2
BRDA:4,1,0,2
BRDA:4,1,1,0
BRF:4
BRH:3
end_of_record
TN:
SF:src\utils\formatDate.js
FN:1,formatDate
FNF:1
FNH:1
FNDA:3,formatDate
DA:2,3
DA:3,2
DA:4,2
DA:5,1
LF:4
LH:4
BRDA:2,0,0,1
BRDA:2,0,1,2
BRDA:3,1,0,0
BRDA:3,1,1,2
BRDA:4,2,0,1
BRDA:4,2,1,1
BRF:6
BRH:5
end_of_record
